<?xml version="1.0" encoding="UTF-8"?>
<!-- Generated by org.testng.reporters.JUnitReportReporter -->
<testsuite hostname="Sivaram" failures="0" tests="8" name="Testing.Testcls" time="5.752" errors="0" timestamp="2022-11-07T10:15:40 IST" skipped="0">
  <testcase classname="Testing.Testcls" name="clickline" time="0.096"/>
  <system-out/>
  <testcase classname="Testing.Testcls" name="verticalline" time="1.325"/>
  <system-out/>
  <testcase classname="Testing.Testcls" name="horizontal" time="1.289"/>
  <system-out/>
  <testcase classname="Testing.Testcls" name="clickrecatngle" time="0.090"/>
  <system-out/>
  <testcase classname="Testing.Testcls" name="drawrrectangle" time="0.505"/>
  <system-out/>
  <testcase classname="Testing.Testcls" name="recangledrwaing" time="0.497"/>
  <system-out/>
  <testcase classname="Testing.Testcls" name="clickeraser" time="0.598"/>
  <system-out/>
  <testcase classname="Testing.Testcls" name="erasehorizontalline" time="1.352"/>
  <system-out/>
</testsuite> <!-- Testing.Testcls -->
